<?xml version="1.0" encoding="UTF-8"?>
<testng-results ignored="0" total="1" passed="1" failed="0" skipped="0">
  <reporter-output>
  </reporter-output>
  <suite started-at="2025-09-22T08:58:38 GMT+08:00" name="Surefire suite" finished-at="2025-09-22T08:58:50 GMT+08:00" duration-ms="12006">
    <groups>
    </groups>
    <test started-at="2025-09-22T08:58:38 GMT+08:00" name="Surefire test" finished-at="2025-09-22T08:58:50 GMT+08:00" duration-ms="12006">
      <class name="testhomepage.testBookAppointment">
        <test-method is-config="true" signature="setUp()[pri:0, instance:testhomepage.testBookAppointment@63355449]" started-at="2025-09-22T08:58:39 GMT+08:00" name="setUp" finished-at="2025-09-22T08:58:43 GMT+08:00" duration-ms="4556" status="PASS">
          <reporter-output>
          </reporter-output>
        </test-method> <!-- setUp -->
        <test-method is-config="true" signature="loadApplication()[pri:0, instance:testhomepage.testBookAppointment@63355449]" started-at="2025-09-22T08:58:43 GMT+08:00" name="loadApplication" finished-at="2025-09-22T08:58:47 GMT+08:00" duration-ms="4399" status="PASS">
          <reporter-output>
          </reporter-output>
        </test-method> <!-- loadApplication -->
        <test-method signature="bookAppointmentPageTest()[pri:0, instance:testhomepage.testBookAppointment@63355449]" started-at="2025-09-22T08:58:47 GMT+08:00" name="bookAppointmentPageTest" finished-at="2025-09-22T08:58:50 GMT+08:00" duration-ms="2468" status="PASS">
          <reporter-output>
          </reporter-output>
        </test-method> <!-- bookAppointmentPageTest -->
        <test-method is-config="true" signature="takeFailedResultScreenshot(org.testng.ITestResult)[pri:0, instance:testhomepage.testBookAppointment@63355449]" started-at="2025-09-22T08:58:50 GMT+08:00" name="takeFailedResultScreenshot" finished-at="2025-09-22T08:58:50 GMT+08:00" duration-ms="2" status="PASS">
          <params>
            <param index="0">
              <value>
                <![CDATA[[TestResult name=bookAppointmentPageTest status=SUCCESS method=testBookAppointment.bookAppointmentPageTest()[pri:0, instance:testhomepage.testBookAppointment@63355449] output={null}]]]>
              </value>
            </param>
          </params>
          <reporter-output>
          </reporter-output>
        </test-method> <!-- takeFailedResultScreenshot -->
        <test-method is-config="true" signature="tearDown()[pri:0, instance:testhomepage.testBookAppointment@63355449]" started-at="2025-09-22T08:58:50 GMT+08:00" name="tearDown" finished-at="2025-09-22T08:58:50 GMT+08:00" duration-ms="535" status="PASS">
          <reporter-output>
          </reporter-output>
        </test-method> <!-- tearDown -->
      </class> <!-- testhomepage.testBookAppointment -->
    </test> <!-- Surefire test -->
  </suite> <!-- Surefire suite -->
</testng-results>
